<?xml version="1.0" encoding="UTF-8"?>
<testng-results ignored="0" total="1" passed="1" failed="0" skipped="0">
  <reporter-output>
  </reporter-output>
  <suite started-at="2026-01-04T12:46:24 IST" name="Seo test" finished-at="2026-01-04T12:46:49 IST" duration-ms="25168">
    <groups>
    </groups>
    <test started-at="2026-01-04T12:46:24 IST" name="perform Broken Valid Links Test and Domain Test and Anchoe tag test" finished-at="2026-01-04T12:46:49 IST" duration-ms="25168">
      <class name="SEOtest.seotest">
        <test-method is-config="true" signature="Setup()[pri:0, instance:SEOtest.seotest@fbd1f6]" started-at="2026-01-04T12:46:21 IST" name="Setup" finished-at="2026-01-04T12:46:24 IST" duration-ms="3049" status="PASS">
          <reporter-output>
          </reporter-output>
        </test-method> <!-- Setup -->
        <test-method is-config="true" signature="setValidation_For_Reports(org.testng.ITestResult)[pri:0, instance:SEOtest.seotest@fbd1f6]" started-at="2026-01-04T12:46:24 IST" name="setValidation_For_Reports" finished-at="2026-01-04T12:46:24 IST" duration-ms="4" status="PASS">
          <params>
            <param index="0">
              <value>
                <![CDATA[[TestResult name={null} status=CREATED method=seotest.Test1()[pri:1, instance:SEOtest.seotest@fbd1f6] output={null}]]]>
              </value>
            </param>
          </params>
          <reporter-output>
          </reporter-output>
        </test-method> <!-- setValidation_For_Reports -->
        <test-method signature="Test1()[pri:1, instance:SEOtest.seotest@fbd1f6]" started-at="2026-01-04T12:46:24 IST" name="Test1" finished-at="2026-01-04T12:46:49 IST" duration-ms="25105" status="PASS">
          <reporter-output>
          </reporter-output>
        </test-method> <!-- Test1 -->
        <test-method is-config="true" signature="TearDown()[pri:0, instance:SEOtest.seotest@fbd1f6]" started-at="2026-01-04T12:46:49 IST" name="TearDown" finished-at="2026-01-04T12:46:49 IST" duration-ms="202" status="PASS">
          <reporter-output>
          </reporter-output>
        </test-method> <!-- TearDown -->
      </class> <!-- SEOtest.seotest -->
    </test> <!-- perform Broken Valid Links Test and Domain Test and Anchoe tag test -->
  </suite> <!-- Seo test -->
</testng-results>
